<T>
    <goals>
        .Bag
    </goals>
    <hypos>
        <hypo>
            <patt1>
                <hout1>
                    (0 : (1 : ([])))
                </hout1>
                <hk1>
                    (zip ( (0 : zero), one ))
                </hk1>
            </patt1>
            <patt2>
                <hout2>
                    (0 : (1 : ([])))
                </hout2>
                <hk2>
                    blink
                </hk2>
            </patt2>
        </hypo>
        <hypo>
            <patt1>
                <hout1>
                    (0 : ([]))
                </hout1>
                <hk1>
                    (zip ( (1 : one), zero ))
                </hk1>
            </patt1>
            <patt2>
                <hout2>
                    (0 : ([]))
                </hout2>
                <hk2>
                    (1 : blink)
                </hk2>
            </patt2>
        </hypo>
        <hypo>
            <patt1>
                <hout1>
                    ([])
                </hout1>
                <hk1>
                     zip`( zero, one`) 
                </hk1>
            </patt1>
            <patt2>
                <hout2>
                    ([])
                </hout2>
                <hk2>
                    blink
                </hk2>
            </patt2>
        </hypo>
    </hypos>
</T>
